<?xml version="1.0" encoding="UTF-8"?>
<!-- Generated by org.testng.reporters.JUnitReportReporter -->
<testsuite hostname="LAPTOP-INQHA09L" failures="0" tests="1" name="com.nopcommerce.testCases.AddCustomerTests" time="18.731" errors="0" timestamp="2022-04-08T00:30:38 IST" skipped="0">
  <testcase classname="com.nopcommerce.testCases.AddCustomerTests" name="addCustomerTest" time="18.731"/>
  <system-out/>
</testsuite> <!-- com.nopcommerce.testCases.AddCustomerTests -->
